#
# There is insufficient memory for the Java Runtime Environment to continue.
# Native memory allocation (malloc) failed to allocate 1048576 bytes for AllocateHeap
# Possible reasons:
#   The system is out of physical RAM or swap space
#   In 32 bit mode, the process size limit was hit
# Possible solutions:
#   Reduce memory load on the system
#   Increase physical memory or swap space
#   Check if swap backing store is full
#   Use 64 bit Java on a 64 bit OS
#   Decrease Java heap size (-Xmx/-Xms)
#   Decrease number of Java threads
#   Decrease Java thread stack sizes (-Xss)
#   Set larger code cache with -XX:ReservedCodeCacheSize=
# This output file may be truncated or incomplete.
#
#  Out of Memory Error (memory/allocation.inline.hpp:61), pid=41916, tid=0x000000000000d338
#
# JRE version:  (8.0_144-b01) (build )
# Java VM: Java HotSpot(TM) 64-Bit Server VM (25.144-b01 mixed mode windows-amd64 compressed oops)
# Failed to write core dump. Minidumps are not enabled by default on client versions of Windows
#

---------------  T H R E A D  ---------------

Current thread (0x000000000259e800):  JavaThread "Unknown thread" [_thread_in_vm, id=54072, stack(0x0000000002290000,0x0000000002390000)]

Stack: [0x0000000002290000,0x0000000002390000]
[error occurred during error reporting (printing stack bounds), id 0xc0000005]

Native frames: (J=compiled Java code, j=interpreted, Vv=VM code, C=native code)


---------------  P R O C E S S  ---------------

Java Threads: ( => current thread )

Other Threads:

=>0x000000000259e800 (exited) JavaThread "Unknown thread" [_thread_in_vm, id=54072, stack(0x0000000002290000,0x0000000002390000)]

VM state:not at safepoint (normal execution)

VM Mutex/Monitor currently owned by a thread: None

Heap:
 PSYoungGen      total 74752K, used 1290K [0x000000076cc00000, 0x0000000771f00000, 0x00000007c0000000)
  eden space 64512K, 2% used [0x000000076cc00000,0x000000076cd42900,0x0000000770b00000)
  from space 10240K, 0% used [0x0000000771500000,0x0000000771500000,0x0000000771f00000)
  to   space 10240K, 0% used [0x0000000770b00000,0x0000000770b00000,0x0000000771500000)
 ParOldGen       total 171008K, used 0K [0x00000006c6400000, 0x00000006d0b00000, 0x000000076cc00000)
  object space 171008K, 0% used [0x00000006c6400000,0x00000006c6400000,0x00000006d0b00000)
 Metaspace       used 781K, capacity 4480K, committed 4480K, reserved 1056768K
  class space    used 75K, capacity 384K, committed 384K, reserved 1048576K

Card table byte_map: [0x0000000011960000,0x0000000012130000] byte_map_base: 0x000000000e32e000

Marking Bits: (ParMarkBitMap*) 0x0000000060a6d850
 Begin Bits: [0x0000000012e70000, 0x0000000016ce0000)
 End Bits:   [0x0000000016ce0000, 0x000000001ab50000)

Polling page: 0x0000000000a50000

CodeCache: size=245760Kb used=328Kb max_used=328Kb free=245431Kb
 bounds [0x00000000025a0000, 0x0000000002810000, 0x00000000115a0000]
 total_blobs=58 nmethods=0 adapters=38
 compilation: enabled

Compilation events (0 events):
No events

GC Heap History (0 events):
No events

Deoptimization events (0 events):
No events

Internal exceptions (0 events):
No events

Events (10 events):
Event: 0.025 loading class java/lang/Short
Event: 0.025 loading class java/lang/Short done
Event: 0.025 loading class java/lang/Integer
Event: 0.025 loading class java/lang/Integer done
Event: 0.025 loading class java/lang/Long
Event: 0.025 loading class java/lang/Long done
Event: 0.026 loading class java/lang/NullPointerException
Event: 0.026 loading class java/lang/NullPointerException done
Event: 0.026 loading class java/lang/ArithmeticException
Event: 0.026 loading class java/lang/ArithmeticException done


Dynamic libraries:
0x00007ff66e190000 - 0x00007ff66e1c7000 	C:\Program Files\Java\jdk1.8.0_144\bin\javaw.exe
0x00007ffca36e0000 - 0x00007ffca38bb000 	C:\WINDOWS\SYSTEM32\ntdll.dll
0x00007ffca0c40000 - 0x00007ffca0cee000 	C:\WINDOWS\System32\KERNEL32.DLL
0x00007ffc9fc00000 - 0x00007ffc9fe49000 	C:\WINDOWS\System32\KERNELBASE.dll
0x00007ffca3270000 - 0x00007ffca3311000 	C:\WINDOWS\System32\ADVAPI32.dll
0x00007ffca14c0000 - 0x00007ffca155d000 	C:\WINDOWS\System32\msvcrt.dll
0x00007ffca34d0000 - 0x00007ffca3529000 	C:\WINDOWS\System32\sechost.dll
0x00007ffca3530000 - 0x00007ffca3655000 	C:\WINDOWS\System32\RPCRT4.dll
0x00007ffca3320000 - 0x00007ffca346a000 	C:\WINDOWS\System32\USER32.dll
0x00007ffca0930000 - 0x00007ffca094e000 	C:\WINDOWS\System32\win32u.dll
0x00007ffca0cf0000 - 0x00007ffca0d17000 	C:\WINDOWS\System32\GDI32.dll
0x00007ffc9fe50000 - 0x00007ffc9ffd7000 	C:\WINDOWS\System32\gdi32full.dll
0x00007ffc9ffe0000 - 0x00007ffca007a000 	C:\WINDOWS\System32\msvcp_win.dll
0x00007ffca0780000 - 0x00007ffca0876000 	C:\WINDOWS\System32\ucrtbase.dll
0x00007ffc94b90000 - 0x00007ffc94df7000 	C:\WINDOWS\WinSxS\amd64_microsoft.windows.common-controls_6595b64144ccf1df_6.0.15063.483_none_26002d27e7c744a2\COMCTL32.dll
0x00007ffca0f30000 - 0x00007ffca1229000 	C:\WINDOWS\System32\combase.dll
0x00007ffca0bd0000 - 0x00007ffca0c3a000 	C:\WINDOWS\System32\bcryptPrimitives.dll
0x00007ffca1560000 - 0x00007ffca158d000 	C:\WINDOWS\System32\IMM32.DLL
0x0000000060af0000 - 0x0000000060bc2000 	C:\Program Files\Java\jdk1.8.0_144\jre\bin\msvcr100.dll
0x0000000060250000 - 0x0000000060aed000 	C:\Program Files\Java\jdk1.8.0_144\jre\bin\server\jvm.dll
0x00007ffca1230000 - 0x00007ffca1238000 	C:\WINDOWS\System32\PSAPI.DLL
0x00007ffc95590000 - 0x00007ffc955b3000 	C:\WINDOWS\SYSTEM32\WINMM.dll
0x00007ffc9ab30000 - 0x00007ffc9ab3a000 	C:\WINDOWS\SYSTEM32\VERSION.dll
0x00007ffc921f0000 - 0x00007ffc921f9000 	C:\WINDOWS\SYSTEM32\WSOCK32.dll
0x00007ffca2bd0000 - 0x00007ffca2c3c000 	C:\WINDOWS\System32\WS2_32.dll
0x00007ffc95560000 - 0x00007ffc9558b000 	C:\WINDOWS\SYSTEM32\winmmbase.dll
0x00007ffca09b0000 - 0x00007ffca09f9000 	C:\WINDOWS\System32\cfgmgr32.dll
0x0000000060240000 - 0x000000006024f000 	C:\Program Files\Java\jdk1.8.0_144\jre\bin\verify.dll
0x0000000060210000 - 0x0000000060239000 	C:\Program Files\Java\jdk1.8.0_144\jre\bin\java.dll
0x00000000601d0000 - 0x0000000060205000 	C:\Program Files\Java\jdk1.8.0_144\jre\bin\jdwp.dll
0x00000000601c0000 - 0x00000000601c8000 	C:\Program Files\Java\jdk1.8.0_144\jre\bin\npt.dll
0x00000000601a0000 - 0x00000000601b6000 	C:\Program Files\Java\jdk1.8.0_144\jre\bin\zip.dll

VM Arguments:
jvm_args: -agentlib:jdwp=transport=dt_socket,suspend=y,address=localhost:61603 -Dfile.encoding=Cp1258 
java_command: application.Main
java_class_path (initial): C:\Program Files\Java\jdk1.8.0_144\jre\lib\resources.jar;C:\Program Files\Java\jdk1.8.0_144\jre\lib\rt.jar;C:\Program Files\Java\jdk1.8.0_144\jre\lib\jsse.jar;C:\Program Files\Java\jdk1.8.0_144\jre\lib\jce.jar;C:\Program Files\Java\jdk1.8.0_144\jre\lib\charsets.jar;C:\Program Files\Java\jdk1.8.0_144\jre\lib\jfr.jar;C:\Program Files\Java\jdk1.8.0_144\jre\lib\ext\access-bridge-64.jar;C:\Program Files\Java\jdk1.8.0_144\jre\lib\ext\cldrdata.jar;C:\Program Files\Java\jdk1.8.0_144\jre\lib\ext\dnsns.jar;C:\Program Files\Java\jdk1.8.0_144\jre\lib\ext\jaccess.jar;C:\Program Files\Java\jdk1.8.0_144\jre\lib\ext\jfxrt.jar;C:\Program Files\Java\jdk1.8.0_144\jre\lib\ext\localedata.jar;C:\Program Files\Java\jdk1.8.0_144\jre\lib\ext\nashorn.jar;C:\Program Files\Java\jdk1.8.0_144\jre\lib\ext\sunec.jar;C:\Program Files\Java\jdk1.8.0_144\jre\lib\ext\sunjce_provider.jar;C:\Program Files\Java\jdk1.8.0_144\jre\lib\ext\sunmscapi.jar;C:\Program Files\Java\jdk1.8.0_144\jre\lib\ext\sunpkcs11.jar;C:\Program Files\Java\jdk1.8.0_144\jre\lib\ext\zipfs.jar;C:\Users\duong\Documents\GitHub\PaintJava\bin;C:\Users\duong\.p2\pool\plugins\org.eclipse.fx.ide.css.jfx8_3.0.0.201705220750.jar
Launcher Type: SUN_STANDARD

Environment Variables:
JAVA_HOME=C:\Program Files\Java\jdk1.8.0_144\bin
USERNAME=duong
OS=Windows_NT
PROCESSOR_IDENTIFIER=Intel64 Family 6 Model 58 Stepping 9, GenuineIntel



---------------  S Y S T E M  ---------------

OS: Windows 10.0 , 64 bit Build 15063 (10.0.15063.296)

CPU:total 8 (initial active 8) (4 cores per cpu, 2 threads per core) family 6 model 58 stepping 9, cmov, cx8, fxsr, mmx, sse, sse2, sse3, ssse3, sse4.1, sse4.2, popcnt, avx, aes, clmul, erms, ht, tsc, tscinvbit, tscinv

Memory: 4k page, physical 16360552k(6113436k free), swap 20439728k(9588k free)

vm_info: Java HotSpot(TM) 64-Bit Server VM (25.144-b01) for windows-amd64 JRE (1.8.0_144-b01), built on Jul 21 2017 21:57:33 by "java_re" with MS VC++ 10.0 (VS2010)

time: Wed Nov 29 19:15:16 2017
elapsed time: 0 seconds (0d 0h 0m 0s)

